[debug] [2017-12-14T17:15:56.882Z] ----------------------------------------------------------------------
[debug] [2017-12-14T17:15:56.885Z] Command:       /usr/local/bin/node /usr/local/bin/firebase serve --only functions
[debug] [2017-12-14T17:15:56.885Z] CLI Version:   3.16.0
[debug] [2017-12-14T17:15:56.885Z] Platform:      darwin
[debug] [2017-12-14T17:15:56.885Z] Node Version:  v7.7.3
[debug] [2017-12-14T17:15:56.886Z] Time:          Thu Dec 14 2017 19:15:56 GMT+0200 (EET)
[debug] [2017-12-14T17:15:56.886Z] ----------------------------------------------------------------------
[debug] 
[debug] [2017-12-14T17:15:56.897Z] > command requires scopes: ["email","openid","https://www.googleapis.com/auth/cloudplatformprojects.readonly","https://www.googleapis.com/auth/firebase","https://www.googleapis.com/auth/cloud-platform"]
[debug] [2017-12-14T17:15:56.897Z] > authorizing via signed-in user
[debug] [2017-12-14T17:15:56.899Z] > refreshing access token with scopes: ["email","https://www.googleapis.com/auth/cloud-platform","https://www.googleapis.com/auth/cloudplatformprojects.readonly","https://www.googleapis.com/auth/firebase","openid"]
[debug] [2017-12-14T17:15:56.899Z] >>> HTTP REQUEST POST https://www.googleapis.com/oauth2/v3/token  
 { refresh_token: '1/4gnOlHFI1zr084bukmsGfQfmtc-qvlMUDVeUfggcSS6ze0wGgSo8-1KIm6yfnU-m',
  client_id: '563584335869-fgrhgmd47bqnekij5i8b5pr03ho849e6.apps.googleusercontent.com',
  client_secret: 'j9iVZfS8kkCEFUPaAeJV0sAi',
  grant_type: 'refresh_token',
  scope: 'email https://www.googleapis.com/auth/cloud-platform https://www.googleapis.com/auth/cloudplatformprojects.readonly https://www.googleapis.com/auth/firebase openid' } 
 Thu Dec 14 2017 19:15:56 GMT+0200 (EET)
[debug] [2017-12-14T17:15:57.066Z] <<< HTTP RESPONSE 200
[debug] [2017-12-14T17:15:57.083Z] >>> HTTP REQUEST GET https://admin.firebase.com/v1/projects/olybot-55a3e  
  
 Thu Dec 14 2017 19:15:57 GMT+0200 (EET)
[debug] [2017-12-14T17:15:57.841Z] <<< HTTP RESPONSE 200
[debug] [2017-12-14T17:15:57.842Z] >>> HTTP REQUEST GET https://admin.firebase.com/v1/database/olybot-55a3e/tokens  
  
 Thu Dec 14 2017 19:15:57 GMT+0200 (EET)
[debug] [2017-12-14T17:15:58.459Z] <<< HTTP RESPONSE 200
[info] 
[info] === Serving from '/Users/macbookpro/Desktop/projects/oly'...
[info] 
[info] i  functions: Preparing to emulate functions.
[debug] [2017-12-14T17:15:59.730Z] >>> HTTP REQUEST GET https://appengine.googleapis.com/v1/apps/olybot-55a3e  
  
 Thu Dec 14 2017 19:15:59 GMT+0200 (EET)
[debug] [2017-12-14T17:15:59.730Z] >>> HTTP REQUEST GET https://apikeys.googleapis.com/v1/projects/olybot-55a3e/apiKeys  
  
 Thu Dec 14 2017 19:15:59 GMT+0200 (EET)
[debug] [2017-12-14T17:16:00.686Z] <<< HTTP RESPONSE 200
[debug] [2017-12-14T17:16:01.335Z] <<< HTTP RESPONSE 200
[info] ✔  functions: oly: http://localhost:5000/olybot-55a3e/us-central1/oly
